\BOOKMARK [0][-]{chapter.1}{\376\377\000T\000h\000e\000\040\000S\000O\000D\000A\000\040\000l\000i\000b\000r\000a\000r\000y\000\040\000f\000o\000r\000\040\000d\000a\000t\000a\000l\000o\000g\000g\000i\000n\000g\000\040\000w\000i\000t\000h\000\040\000O\000l\000y\000m\000p\000i\000a\000\040\000C\000i\000r\000c\000u\000i\000t\000'\000s\000\040\000S\000O\000D\000A\000\040\000H\000E\000\040\000b\000o\000a\000r\000d\000.}{}% 1
\BOOKMARK [1][-]{section.1.1}{\376\377\000I\000n\000t\000r\000o\000d\000u\000c\000t\000i\000o\000n}{chapter.1}% 2
\BOOKMARK [1][-]{section.1.2}{\376\377\000D\000e\000p\000e\000n\000d\000e\000n\000c\000i\000e\000s}{chapter.1}% 3
\BOOKMARK [1][-]{section.1.3}{\376\377\000I\000n\000s\000t\000a\000l\000l\000a\000t\000i\000o\000n}{chapter.1}% 4
\BOOKMARK [0][-]{chapter.2}{\376\377\000C\000l\000a\000s\000s\000\040\000I\000n\000d\000e\000x}{}% 5
\BOOKMARK [1][-]{section.2.1}{\376\377\000C\000l\000a\000s\000s\000\040\000L\000i\000s\000t}{chapter.2}% 6
\BOOKMARK [0][-]{chapter.3}{\376\377\000F\000i\000l\000e\000\040\000I\000n\000d\000e\000x}{}% 7
\BOOKMARK [1][-]{section.3.1}{\376\377\000F\000i\000l\000e\000\040\000L\000i\000s\000t}{chapter.3}% 8
\BOOKMARK [0][-]{chapter.4}{\376\377\000C\000l\000a\000s\000s\000\040\000D\000o\000c\000u\000m\000e\000n\000t\000a\000t\000i\000o\000n}{}% 9
\BOOKMARK [1][-]{section.4.1}{\376\377\000S\000O\000D\000A\000\040\000C\000l\000a\000s\000s\000\040\000R\000e\000f\000e\000r\000e\000n\000c\000e}{chapter.4}% 10
\BOOKMARK [2][-]{subsection.4.1.1}{\376\377\000D\000e\000t\000a\000i\000l\000e\000d\000\040\000D\000e\000s\000c\000r\000i\000p\000t\000i\000o\000n}{section.4.1}% 11
\BOOKMARK [2][-]{subsection.4.1.2}{\376\377\000M\000e\000m\000b\000e\000r\000\040\000F\000u\000n\000c\000t\000i\000o\000n\000\040\000D\000o\000c\000u\000m\000e\000n\000t\000a\000t\000i\000o\000n}{section.4.1}% 12
\BOOKMARK [3][-]{subsubsection.4.1.2.1}{\376\377\000a\000d\000c\000R\000e\000a\000d}{subsection.4.1.2}% 13
\BOOKMARK [3][-]{subsubsection.4.1.2.2}{\376\377\000b\000e\000g\000i\000n}{subsection.4.1.2}% 14
\BOOKMARK [3][-]{subsubsection.4.1.2.3}{\376\377\000b\000l\000i\000n\000k\000s}{subsection.4.1.2}% 15
\BOOKMARK [3][-]{subsubsection.4.1.2.4}{\376\377\000b\000u\000f\000f\000e\000r\000T\000i\000m\000e}{subsection.4.1.2}% 16
\BOOKMARK [3][-]{subsubsection.4.1.2.5}{\376\377\000c\000h\000e\000c\000k\000T\000i\000m\000e}{subsection.4.1.2}% 17
\BOOKMARK [3][-]{subsubsection.4.1.2.6}{\376\377\000c\000o\000m\000m\000u\000n\000i\000c\000a\000t\000e}{subsection.4.1.2}% 18
\BOOKMARK [3][-]{subsubsection.4.1.2.7}{\376\377\000d\000a\000t\000a\000D\000o\000w\000n\000l\000o\000a\000d}{subsection.4.1.2}% 19
\BOOKMARK [3][-]{subsubsection.4.1.2.8}{\376\377\000d\000a\000t\000a\000L\000i\000n\000e\000A\000d\000d}{subsection.4.1.2}% 20
\BOOKMARK [3][-]{subsubsection.4.1.2.9}{\376\377\000d\000a\000t\000a\000L\000i\000n\000e\000A\000d\000d}{subsection.4.1.2}% 21
\BOOKMARK [3][-]{subsubsection.4.1.2.10}{\376\377\000d\000a\000t\000a\000L\000i\000n\000e\000A\000d\000d}{subsection.4.1.2}% 22
\BOOKMARK [3][-]{subsubsection.4.1.2.11}{\376\377\000d\000a\000t\000a\000L\000i\000n\000e\000A\000d\000d\000B\000y\000t\000e\000s}{subsection.4.1.2}% 23
\BOOKMARK [3][-]{subsubsection.4.1.2.12}{\376\377\000d\000a\000t\000a\000L\000i\000n\000e\000B\000e\000g\000i\000n}{subsection.4.1.2}% 24
\BOOKMARK [3][-]{subsubsection.4.1.2.13}{\376\377\000d\000a\000t\000a\000L\000i\000n\000e\000E\000n\000d}{subsection.4.1.2}% 25
\BOOKMARK [3][-]{subsubsection.4.1.2.14}{\376\377\000g\000e\000t\000C\000l\000o\000c\000k\000T\000e\000m\000p}{subsection.4.1.2}% 26
\BOOKMARK [3][-]{subsubsection.4.1.2.15}{\376\377\000g\000e\000t\000I\000D}{subsection.4.1.2}% 27
\BOOKMARK [3][-]{subsubsection.4.1.2.16}{\376\377\000g\000e\000t\000S\000t\000a\000n\000d\000b\000y}{subsection.4.1.2}% 28
\BOOKMARK [3][-]{subsubsection.4.1.2.17}{\376\377\000g\000e\000t\000T\000i\000m\000e}{subsection.4.1.2}% 29
\BOOKMARK [3][-]{subsubsection.4.1.2.18}{\376\377\000p\000r\000i\000n\000t\000B\000u\000f\000f\000e\000r}{subsection.4.1.2}% 30
\BOOKMARK [3][-]{subsubsection.4.1.2.19}{\376\377\000s\000e\000r\000i\000a\000l\000S\000e\000t\000T\000i\000m\000e}{subsection.4.1.2}% 31
\BOOKMARK [3][-]{subsubsection.4.1.2.20}{\376\377\000s\000e\000t\000I\000D}{subsection.4.1.2}% 32
\BOOKMARK [3][-]{subsubsection.4.1.2.21}{\376\377\000s\000e\000t\000S\000t\000a\000n\000d\000b\000y}{subsection.4.1.2}% 33
\BOOKMARK [3][-]{subsubsection.4.1.2.22}{\376\377\000s\000e\000t\000T\000i\000m\000e}{subsection.4.1.2}% 34
\BOOKMARK [3][-]{subsubsection.4.1.2.23}{\376\377\000s\000e\000t\000W\000a\000k\000e}{subsection.4.1.2}% 35
\BOOKMARK [3][-]{subsubsection.4.1.2.24}{\376\377\000s\000m\000o\000o\000t\000h\000A\000n\000a\000l\000o\000g\000R\000e\000a\000d}{subsection.4.1.2}% 36
\BOOKMARK [3][-]{subsubsection.4.1.2.25}{\376\377\000t\000c\000R\000e\000a\000d\000K}{subsection.4.1.2}% 37
\BOOKMARK [3][-]{subsubsection.4.1.2.26}{\376\377\000t\000u\000r\000n\000O\000f\000f}{subsection.4.1.2}% 38
\BOOKMARK [3][-]{subsubsection.4.1.2.27}{\376\377\000u\000p\000d\000a\000t\000e\000T\000i\000m\000e}{subsection.4.1.2}% 39
\BOOKMARK [3][-]{subsubsection.4.1.2.28}{\376\377\000u\000s\000b\000C\000o\000n\000n\000e\000c\000t\000e\000d}{subsection.4.1.2}% 40
\BOOKMARK [0][-]{chapter.5}{\376\377\000F\000i\000l\000e\000\040\000D\000o\000c\000u\000m\000e\000n\000t\000a\000t\000i\000o\000n}{}% 41
\BOOKMARK [1][-]{section.5.1}{\376\377\000C\000:\000/\000U\000s\000e\000r\000s\000/\000P\000e\000t\000e\000r\000/\000D\000o\000c\000u\000m\000e\000n\000t\000s\000/\000A\000r\000d\000u\000i\000n\000o\000/\000l\000i\000b\000r\000a\000r\000i\000e\000s\000/\000S\000O\000D\000A\000/\000S\000O\000D\000A\000.\000c\000p\000p\000\040\000F\000i\000l\000e\000\040\000R\000e\000f\000e\000r\000e\000n\000c\000e}{chapter.5}% 42
\BOOKMARK [2][-]{subsection.5.1.1}{\376\377\000V\000a\000r\000i\000a\000b\000l\000e\000\040\000D\000o\000c\000u\000m\000e\000n\000t\000a\000t\000i\000o\000n}{section.5.1}% 43
\BOOKMARK [3][-]{subsubsection.5.1.1.1}{\376\377\000b\000u\000f\000f\000e\000r}{subsection.5.1.1}% 44
\BOOKMARK [3][-]{subsubsection.5.1.1.2}{\376\377\000b\000u\000f\000f\000e\000r\000I\000n\000d\000e\000x}{subsection.5.1.1}% 45
\BOOKMARK [3][-]{subsubsection.5.1.1.3}{\376\377\000c\000a\000r\000d}{subsection.5.1.1}% 46
\BOOKMARK [3][-]{subsubsection.5.1.1.4}{\376\377\000e\000n\000d\000\137\000o\000n\000\137\000c\000o\000n\000n\000e\000c\000t}{subsection.5.1.1}% 47
\BOOKMARK [3][-]{subsubsection.5.1.1.5}{\376\377\000f\000i\000l\000e}{subsection.5.1.1}% 48
\BOOKMARK [3][-]{subsubsection.5.1.1.6}{\376\377\000s\000i\000n\000g\000l\000e\000\137\000f\000i\000l\000e}{subsection.5.1.1}% 49
\BOOKMARK [3][-]{subsubsection.5.1.1.7}{\376\377\000t\000i\000m\000e\000A\000r\000r\000a\000y}{subsection.5.1.1}% 50
\BOOKMARK [1][-]{section.5.2}{\376\377\000C\000:\000/\000U\000s\000e\000r\000s\000/\000P\000e\000t\000e\000r\000/\000D\000o\000c\000u\000m\000e\000n\000t\000s\000/\000A\000r\000d\000u\000i\000n\000o\000/\000l\000i\000b\000r\000a\000r\000i\000e\000s\000/\000S\000O\000D\000A\000/\000S\000O\000D\000A\000.\000h\000\040\000F\000i\000l\000e\000\040\000R\000e\000f\000e\000r\000e\000n\000c\000e}{chapter.5}% 51
\BOOKMARK [2][-]{subsection.5.2.1}{\376\377\000M\000a\000c\000r\000o\000\040\000D\000e\000f\000i\000n\000i\000t\000i\000o\000n\000\040\000D\000o\000c\000u\000m\000e\000n\000t\000a\000t\000i\000o\000n}{section.5.2}% 52
\BOOKMARK [3][-]{subsubsection.5.2.1.1}{\376\377\000A\000D\000C\000\137\0001\0002\000B\000I\000T\000S}{subsection.5.2.1}% 53
\BOOKMARK [3][-]{subsubsection.5.2.1.2}{\376\377\000A\000D\000C\000\137\0001\0004\000B\000I\000T\000S}{subsection.5.2.1}% 54
\BOOKMARK [3][-]{subsubsection.5.2.1.3}{\376\377\000A\000D\000C\000\137\0001\0006\000B\000I\000T\000S}{subsection.5.2.1}% 55
\BOOKMARK [3][-]{subsubsection.5.2.1.4}{\376\377\000A\000D\000C\000\137\0001\0008\000B\000I\000T\000S}{subsection.5.2.1}% 56
\BOOKMARK [3][-]{subsubsection.5.2.1.5}{\376\377\000A\000D\000C\000\137\000B\000A\000S\000E}{subsection.5.2.1}% 57
\BOOKMARK [3][-]{subsubsection.5.2.1.6}{\376\377\000A\000D\000C\000\137\000C\000H\0001}{subsection.5.2.1}% 58
\BOOKMARK [3][-]{subsubsection.5.2.1.7}{\376\377\000A\000D\000C\000\137\000C\000H\0002}{subsection.5.2.1}% 59
\BOOKMARK [3][-]{subsubsection.5.2.1.8}{\376\377\000A\000D\000C\000\137\000C\000H\0003}{subsection.5.2.1}% 60
\BOOKMARK [3][-]{subsubsection.5.2.1.9}{\376\377\000A\000D\000C\000\137\000C\000H\0004}{subsection.5.2.1}% 61
\BOOKMARK [3][-]{subsubsection.5.2.1.10}{\376\377\000A\000D\000C\000\137\000C\000O\000N\000T\000R\000O\000L}{subsection.5.2.1}% 62
\BOOKMARK [3][-]{subsubsection.5.2.1.11}{\376\377\000A\000D\000C\000\137\000G\000A\000I\000N\0001}{subsection.5.2.1}% 63
\BOOKMARK [3][-]{subsubsection.5.2.1.12}{\376\377\000A\000D\000C\000\137\000G\000A\000I\000N\0002}{subsection.5.2.1}% 64
\BOOKMARK [3][-]{subsubsection.5.2.1.13}{\376\377\000A\000D\000C\000\137\000G\000A\000I\000N\0004}{subsection.5.2.1}% 65
\BOOKMARK [3][-]{subsubsection.5.2.1.14}{\376\377\000A\000D\000C\000\137\000G\000A\000I\000N\0008}{subsection.5.2.1}% 66
\BOOKMARK [3][-]{subsubsection.5.2.1.15}{\376\377\000A\000D\000C\000\137\000I\0002\000C\000\137\000A\000D\000D\000R}{subsection.5.2.1}% 67
\BOOKMARK [3][-]{subsubsection.5.2.1.16}{\376\377\000C\000L\000O\000C\000K\000\137\000A\000L\000A\000R\000M\0001\000\137\000A\000D\000D\000R}{subsection.5.2.1}% 68
\BOOKMARK [3][-]{subsubsection.5.2.1.17}{\376\377\000C\000L\000O\000C\000K\000\137\000A\000L\000A\000R\000M\000\137\000S\000T\000A\000T\000U\000S}{subsection.5.2.1}% 69
\BOOKMARK [3][-]{subsubsection.5.2.1.18}{\376\377\000C\000L\000O\000C\000K\000\137\000C\000O\000N\000T\000R\000O\000L\000\137\000A\000D\000D\000R}{subsection.5.2.1}% 70
\BOOKMARK [3][-]{subsubsection.5.2.1.19}{\376\377\000C\000L\000O\000C\000K\000\137\000I\0002\000C\000\137\000A\000D\000D\000R}{subsection.5.2.1}% 71
\BOOKMARK [3][-]{subsubsection.5.2.1.20}{\376\377\000C\000L\000O\000C\000K\000\137\000S\000E\000T\000U\000P}{subsection.5.2.1}% 72
\BOOKMARK [3][-]{subsubsection.5.2.1.21}{\376\377\000C\000L\000O\000C\000K\000\137\000T\000E\000M\000P\000E\000R\000A\000T\000U\000R\000E\000\137\000A\000D\000D\000R}{subsection.5.2.1}% 73
\BOOKMARK [3][-]{subsubsection.5.2.1.22}{\376\377\000C\000L\000O\000C\000K\000\137\000T\000I\000M\000E\000\137\000C\000A\000L\000\137\000A\000D\000D\000R}{subsection.5.2.1}% 74
\BOOKMARK [3][-]{subsubsection.5.2.1.23}{\376\377\000F\000I\000L\000E\000N\000A\000M\000E}{subsection.5.2.1}% 75
\BOOKMARK [3][-]{subsubsection.5.2.1.24}{\376\377\000L\000E\000D\000P\000I\000N}{subsection.5.2.1}% 76
\BOOKMARK [0][-]{section*.6}{\376\377\000I\000n\000d\000e\000x}{}% 77
